android/app/build/intermediates/manifest_merge_blame_file/debug/manifest-merger-blame-debug-report.txt
1<?xml version="1.0" encoding="utf-8"?>
2<manifest xmlns:android="http://schemas.android.com/apk/res/android"
3    package="com.lab4"
4    android:versionCode="1"
5    android:versionName="1.0" >
6
7    <uses-sdk
8        android:minSdkVersion="21"
9        android:targetSdkVersion="34" />
10
11    <uses-permission android:name="android.permission.INTERNET" />
11-->src\main\AndroidManifest.xml:3:5-67
11-->src\main\AndroidManifest.xml:3:22-64
12    <uses-permission android:name="android.permission.WAKE_LOCK" />
12-->[:react-native-firebase_auth] AndroidManifest.xml:8:5-68
12-->[:react-native-firebase_auth] AndroidManifest.xml:8:22-65
13    <uses-permission android:name="android.permission.ACCESS_NETWORK_STATE" />
13-->[:react-native-firebase_auth] AndroidManifest.xml:9:5-79
13-->[:react-native-firebase_auth] AndroidManifest.xml:9:22-76
14    <!--
15    This manifest file is used only by Gradle to configure debug-only capabilities
16    for React Native Apps.
17    -->
18    <uses-permission android:name="android.permission.SYSTEM_ALERT_WINDOW" />
18-->[com.facebook.react:react-android:0.73.0] AndroidManifest.xml:16:5-78
18-->[com.facebook.react:react-android:0.73.0] AndroidManifest.xml:16:22-75
19    <uses-permission android:name="android.permission.ACCESS_WIFI_STATE" />
19-->[com.facebook.flipper:flipper:0.201.0] AndroidManifest.xml:14:5-76
19-->[com.facebook.flipper:flipper:0.201.0] AndroidManifest.xml:14:22-73
20
21    <permission
21-->[androidx.core:core:1.9.0] AndroidManifest.xml:22:5-24:47
22        android:name="com.lab4.DYNAMIC_RECEIVER_NOT_EXPORTED_PERMISSION"
22-->[androidx.core:core:1.9.0] AndroidManifest.xml:23:9-81
23        android:protectionLevel="signature" />
23-->[androidx.core:core:1.9.0] AndroidManifest.xml:24:9-44
24
25    <uses-permission android:name="com.lab4.DYNAMIC_RECEIVER_NOT_EXPORTED_PERMISSION" />
25-->[androidx.core:core:1.9.0] AndroidManifest.xml:26:5-97
25-->[androidx.core:core:1.9.0] AndroidManifest.xml:26:22-94
26
27    <application
27-->src\main\AndroidManifest.xml:5:5-24:19
28        android:name="com.lab4.MainApplication"
28-->src\main\AndroidManifest.xml:6:7-38
29        android:allowBackup="false"
29-->src\main\AndroidManifest.xml:10:7-34
30        android:appComponentFactory="androidx.core.app.CoreComponentFactory"
30-->[androidx.core:core:1.9.0] AndroidManifest.xml:28:18-86
31        android:debuggable="true"
32        android:extractNativeLibs="true"
33        android:icon="@mipmap/ic_launcher"
33-->src\main\AndroidManifest.xml:8:7-41
34        android:label="@string/app_name"
34-->src\main\AndroidManifest.xml:7:7-39
35        android:roundIcon="@mipmap/ic_launcher_round"
35-->src\main\AndroidManifest.xml:9:7-52
36        android:theme="@style/AppTheme"
36-->src\main\AndroidManifest.xml:11:7-38
37        android:usesCleartextTraffic="true" >
37-->src\debug\AndroidManifest.xml:6:9-44
38        <activity
38-->src\main\AndroidManifest.xml:12:7-23:18
39            android:name="com.lab4.MainActivity"
39-->src\main\AndroidManifest.xml:13:9-37
40            android:configChanges="keyboard|keyboardHidden|orientation|screenLayout|screenSize|smallestScreenSize|uiMode"
40-->src\main\AndroidManifest.xml:15:9-118
41            android:exported="true"
41-->src\main\AndroidManifest.xml:18:9-32
42            android:label="@string/app_name"
42-->src\main\AndroidManifest.xml:14:9-41
43            android:launchMode="singleTask"
43-->src\main\AndroidManifest.xml:16:9-40
44            android:windowSoftInputMode="adjustResize" >
44-->src\main\AndroidManifest.xml:17:9-51
45            <intent-filter>
45-->src\main\AndroidManifest.xml:19:9-22:25
46                <action android:name="android.intent.action.MAIN" />
46-->src\main\AndroidManifest.xml:20:13-65
46-->src\main\AndroidManifest.xml:20:21-62
47
48                <category android:name="android.intent.category.LAUNCHER" />
48-->src\main\AndroidManifest.xml:21:13-73
48-->src\main\AndroidManifest.xml:21:23-70
49            </intent-filter>
50        </activity>
51
52        <meta-data
52-->[:react-native-firebase_app] AndroidManifest.xml:9:9-11:36
53            android:name="app_data_collection_default_enabled"
53-->[:react-native-firebase_app] AndroidManifest.xml:10:13-63
54            android:value="true" />
54-->[:react-native-firebase_app] AndroidManifest.xml:11:13-33
55
56        <service
56-->[:react-native-firebase_app] AndroidManifest.xml:13:9-21:19
57            android:name="com.google.firebase.components.ComponentDiscoveryService"
57-->[:react-native-firebase_app] AndroidManifest.xml:14:13-84
58            android:directBootAware="true"
58-->[:react-native-firebase_app] AndroidManifest.xml:15:13-43
59            android:exported="false" >
59-->[:react-native-firebase_app] AndroidManifest.xml:16:13-37
60            <meta-data
60-->[:react-native-firebase_app] AndroidManifest.xml:18:13-20:85
61                android:name="com.google.firebase.components:io.invertase.firebase.app.ReactNativeFirebaseAppRegistrar"
61-->[:react-native-firebase_app] AndroidManifest.xml:19:17-120
62                android:value="com.google.firebase.components.ComponentRegistrar" />
62-->[:react-native-firebase_app] AndroidManifest.xml:20:17-82
63            <meta-data
63-->[com.google.firebase:firebase-auth:22.3.0] AndroidManifest.xml:69:13-71:85
64                android:name="com.google.firebase.components:com.google.firebase.auth.FirebaseAuthRegistrar"
64-->[com.google.firebase:firebase-auth:22.3.0] AndroidManifest.xml:70:17-109
65                android:value="com.google.firebase.components.ComponentRegistrar" />
65-->[com.google.firebase:firebase-auth:22.3.0] AndroidManifest.xml:71:17-82
66            <meta-data
66-->[com.google.firebase:firebase-firestore:24.9.1] AndroidManifest.xml:17:13-19:85
67                android:name="com.google.firebase.components:com.google.firebase.firestore.FirebaseFirestoreKtxRegistrar"
67-->[com.google.firebase:firebase-firestore:24.9.1] AndroidManifest.xml:18:17-122
68                android:value="com.google.firebase.components.ComponentRegistrar" />
68-->[com.google.firebase:firebase-firestore:24.9.1] AndroidManifest.xml:19:17-82
69            <meta-data
69-->[com.google.firebase:firebase-firestore:24.9.1] AndroidManifest.xml:20:13-22:85
70                android:name="com.google.firebase.components:com.google.firebase.firestore.FirestoreRegistrar"
70-->[com.google.firebase:firebase-firestore:24.9.1] AndroidManifest.xml:21:17-111
71                android:value="com.google.firebase.components.ComponentRegistrar" />
71-->[com.google.firebase:firebase-firestore:24.9.1] AndroidManifest.xml:22:17-82
72            <meta-data
72-->[com.google.firebase:firebase-common-ktx:20.4.2] AndroidManifest.xml:12:13-14:85
73                android:name="com.google.firebase.components:com.google.firebase.ktx.FirebaseCommonLegacyRegistrar"
73-->[com.google.firebase:firebase-common-ktx:20.4.2] AndroidManifest.xml:13:17-116
74                android:value="com.google.firebase.components.ComponentRegistrar" />
74-->[com.google.firebase:firebase-common-ktx:20.4.2] AndroidManifest.xml:14:17-82
75            <meta-data
75-->[com.google.firebase:firebase-common:20.4.2] AndroidManifest.xml:35:13-37:85
76                android:name="com.google.firebase.components:com.google.firebase.FirebaseCommonKtxRegistrar"
76-->[com.google.firebase:firebase-common:20.4.2] AndroidManifest.xml:36:17-109
77                android:value="com.google.firebase.components.ComponentRegistrar" />
77-->[com.google.firebase:firebase-common:20.4.2] AndroidManifest.xml:37:17-82
78        </service>
79
80        <provider
80-->[:react-native-firebase_app] AndroidManifest.xml:23:9-27:38
81            android:name="io.invertase.firebase.app.ReactNativeFirebaseAppInitProvider"
81-->[:react-native-firebase_app] AndroidManifest.xml:24:13-88
82            android:authorities="com.lab4.reactnativefirebaseappinitprovider"
82-->[:react-native-firebase_app] AndroidManifest.xml:25:13-86
83            android:exported="false"
83-->[:react-native-firebase_app] AndroidManifest.xml:26:13-37
84            android:initOrder="99" />
84-->[:react-native-firebase_app] AndroidManifest.xml:27:13-35
85        <provider
85-->[:react-native-image-picker] AndroidManifest.xml:8:9-16:20
86            android:name="com.imagepicker.ImagePickerProvider"
86-->[:react-native-image-picker] AndroidManifest.xml:9:13-63
87            android:authorities="com.lab4.imagepickerprovider"
87-->[:react-native-image-picker] AndroidManifest.xml:10:13-71
88            android:exported="false"
88-->[:react-native-image-picker] AndroidManifest.xml:11:13-37
89            android:grantUriPermissions="true" >
89-->[:react-native-image-picker] AndroidManifest.xml:12:13-47
90            <meta-data
90-->[:react-native-image-picker] AndroidManifest.xml:13:13-15:70
91                android:name="android.support.FILE_PROVIDER_PATHS"
91-->[:react-native-image-picker] AndroidManifest.xml:14:17-67
92                android:resource="@xml/imagepicker_provider_paths" />
92-->[:react-native-image-picker] AndroidManifest.xml:15:17-67
93        </provider>
94
95        <activity
95-->[com.facebook.react:react-android:0.73.0] AndroidManifest.xml:19:9-21:40
96            android:name="com.facebook.react.devsupport.DevSettingsActivity"
96-->[com.facebook.react:react-android:0.73.0] AndroidManifest.xml:20:13-77
97            android:exported="false" />
97-->[com.facebook.react:react-android:0.73.0] AndroidManifest.xml:21:13-37
98        <activity
98-->[com.google.android.gms:play-services-auth:20.7.0] AndroidManifest.xml:23:9-27:75
99            android:name="com.google.android.gms.auth.api.signin.internal.SignInHubActivity"
99-->[com.google.android.gms:play-services-auth:20.7.0] AndroidManifest.xml:24:13-93
100            android:excludeFromRecents="true"
100-->[com.google.android.gms:play-services-auth:20.7.0] AndroidManifest.xml:25:13-46
101            android:exported="false"
101-->[com.google.android.gms:play-services-auth:20.7.0] AndroidManifest.xml:26:13-37
102            android:theme="@android:style/Theme.Translucent.NoTitleBar" />
102-->[com.google.android.gms:play-services-auth:20.7.0] AndroidManifest.xml:27:13-72
103        <!--
104            Service handling Google Sign-In user revocation. For apps that do not integrate with
105            Google Sign-In, this service will never be started.
106        -->
107        <service
107-->[com.google.android.gms:play-services-auth:20.7.0] AndroidManifest.xml:33:9-37:51
108            android:name="com.google.android.gms.auth.api.signin.RevocationBoundService"
108-->[com.google.android.gms:play-services-auth:20.7.0] AndroidManifest.xml:34:13-89
109            android:exported="true"
109-->[com.google.android.gms:play-services-auth:20.7.0] AndroidManifest.xml:35:13-36
110            android:permission="com.google.android.gms.auth.api.signin.permission.REVOCATION_NOTIFICATION"
110-->[com.google.android.gms:play-services-auth:20.7.0] AndroidManifest.xml:36:13-107
111            android:visibleToInstantApps="true" />
111-->[com.google.android.gms:play-services-auth:20.7.0] AndroidManifest.xml:37:13-48
112
113        <activity
113-->[com.google.firebase:firebase-auth:22.3.0] AndroidManifest.xml:29:9-46:20
114            android:name="com.google.firebase.auth.internal.GenericIdpActivity"
114-->[com.google.firebase:firebase-auth:22.3.0] AndroidManifest.xml:30:13-80
115            android:excludeFromRecents="true"
115-->[com.google.firebase:firebase-auth:22.3.0] AndroidManifest.xml:31:13-46
116            android:exported="true"
116-->[com.google.firebase:firebase-auth:22.3.0] AndroidManifest.xml:32:13-36
117            android:launchMode="singleTask"
117-->[com.google.firebase:firebase-auth:22.3.0] AndroidManifest.xml:33:13-44
118            android:theme="@android:style/Theme.Translucent.NoTitleBar" >
118-->[com.google.firebase:firebase-auth:22.3.0] AndroidManifest.xml:34:13-72
119            <intent-filter>
119-->[com.google.firebase:firebase-auth:22.3.0] AndroidManifest.xml:35:13-45:29
120                <action android:name="android.intent.action.VIEW" />
120-->[com.google.firebase:firebase-auth:22.3.0] AndroidManifest.xml:36:17-69
120-->[com.google.firebase:firebase-auth:22.3.0] AndroidManifest.xml:36:25-66
121
122                <category android:name="android.intent.category.DEFAULT" />
122-->[com.google.firebase:firebase-auth:22.3.0] AndroidManifest.xml:38:17-76
122-->[com.google.firebase:firebase-auth:22.3.0] AndroidManifest.xml:38:27-73
123                <category android:name="android.intent.category.BROWSABLE" />
123-->[com.google.firebase:firebase-auth:22.3.0] AndroidManifest.xml:39:17-78
123-->[com.google.firebase:firebase-auth:22.3.0] AndroidManifest.xml:39:27-75
124
125                <data
125-->[com.google.firebase:firebase-auth:22.3.0] AndroidManifest.xml:41:17-44:51
126                    android:host="firebase.auth"
126-->[com.google.firebase:firebase-auth:22.3.0] AndroidManifest.xml:42:21-49
127                    android:path="/"
127-->[com.google.firebase:firebase-auth:22.3.0] AndroidManifest.xml:43:21-37
128                    android:scheme="genericidp" />
128-->[com.google.firebase:firebase-auth:22.3.0] AndroidManifest.xml:44:21-48
129            </intent-filter>
130        </activity>
131        <activity
131-->[com.google.firebase:firebase-auth:22.3.0] AndroidManifest.xml:47:9-64:20
132            android:name="com.google.firebase.auth.internal.RecaptchaActivity"
132-->[com.google.firebase:firebase-auth:22.3.0] AndroidManifest.xml:48:13-79
133            android:excludeFromRecents="true"
133-->[com.google.firebase:firebase-auth:22.3.0] AndroidManifest.xml:49:13-46
134            android:exported="true"
134-->[com.google.firebase:firebase-auth:22.3.0] AndroidManifest.xml:50:13-36
135            android:launchMode="singleTask"
135-->[com.google.firebase:firebase-auth:22.3.0] AndroidManifest.xml:51:13-44
136            android:theme="@android:style/Theme.Translucent.NoTitleBar" >
136-->[com.google.firebase:firebase-auth:22.3.0] AndroidManifest.xml:52:13-72
137            <intent-filter>
137-->[com.google.firebase:firebase-auth:22.3.0] AndroidManifest.xml:53:13-63:29
138                <action android:name="android.intent.action.VIEW" />
138-->[com.google.firebase:firebase-auth:22.3.0] AndroidManifest.xml:36:17-69
138-->[com.google.firebase:firebase-auth:22.3.0] AndroidManifest.xml:36:25-66
139
140                <category android:name="android.intent.category.DEFAULT" />
140-->[com.google.firebase:firebase-auth:22.3.0] AndroidManifest.xml:38:17-76
140-->[com.google.firebase:firebase-auth:22.3.0] AndroidManifest.xml:38:27-73
141                <category android:name="android.intent.category.BROWSABLE" />
141-->[com.google.firebase:firebase-auth:22.3.0] AndroidManifest.xml:39:17-78
141-->[com.google.firebase:firebase-auth:22.3.0] AndroidManifest.xml:39:27-75
142
143                <data
143-->[com.google.firebase:firebase-auth:22.3.0] AndroidManifest.xml:41:17-44:51
144                    android:host="firebase.auth"
144-->[com.google.firebase:firebase-auth:22.3.0] AndroidManifest.xml:42:21-49
145                    android:path="/"
145-->[com.google.firebase:firebase-auth:22.3.0] AndroidManifest.xml:43:21-37
146                    android:scheme="recaptcha" />
146-->[com.google.firebase:firebase-auth:22.3.0] AndroidManifest.xml:44:21-48
147            </intent-filter>
148        </activity>
149        <activity
149-->[com.google.android.gms:play-services-base:18.0.1] AndroidManifest.xml:20:9-22:45
150            android:name="com.google.android.gms.common.api.GoogleApiActivity"
150-->[com.google.android.gms:play-services-base:18.0.1] AndroidManifest.xml:20:19-85
151            android:exported="false"
151-->[com.google.android.gms:play-services-base:18.0.1] AndroidManifest.xml:22:19-43
152            android:theme="@android:style/Theme.Translucent.NoTitleBar" />
152-->[com.google.android.gms:play-services-base:18.0.1] AndroidManifest.xml:21:19-78
153
154        <provider
154-->[com.google.firebase:firebase-common:20.4.2] AndroidManifest.xml:23:9-28:39
155            android:name="com.google.firebase.provider.FirebaseInitProvider"
155-->[com.google.firebase:firebase-common:20.4.2] AndroidManifest.xml:24:13-77
156            android:authorities="com.lab4.firebaseinitprovider"
156-->[com.google.firebase:firebase-common:20.4.2] AndroidManifest.xml:25:13-72
157            android:directBootAware="true"
157-->[com.google.firebase:firebase-common:20.4.2] AndroidManifest.xml:26:13-43
158            android:exported="false"
158-->[com.google.firebase:firebase-common:20.4.2] AndroidManifest.xml:27:13-37
159            android:initOrder="100" />
159-->[com.google.firebase:firebase-common:20.4.2] AndroidManifest.xml:28:13-36
160
161        <meta-data
161-->[com.google.android.gms:play-services-basement:18.2.0] AndroidManifest.xml:21:9-23:69
162            android:name="com.google.android.gms.version"
162-->[com.google.android.gms:play-services-basement:18.2.0] AndroidManifest.xml:22:13-58
163            android:value="@integer/google_play_services_version" />
163-->[com.google.android.gms:play-services-basement:18.2.0] AndroidManifest.xml:23:13-66
164
165        <provider
165-->[androidx.emoji2:emoji2:1.2.0] AndroidManifest.xml:24:9-32:20
166            android:name="androidx.startup.InitializationProvider"
166-->[androidx.emoji2:emoji2:1.2.0] AndroidManifest.xml:25:13-67
167            android:authorities="com.lab4.androidx-startup"
167-->[androidx.emoji2:emoji2:1.2.0] AndroidManifest.xml:26:13-68
168            android:exported="false" >
168-->[androidx.emoji2:emoji2:1.2.0] AndroidManifest.xml:27:13-37
169            <meta-data
169-->[androidx.emoji2:emoji2:1.2.0] AndroidManifest.xml:29:13-31:52
170                android:name="androidx.emoji2.text.EmojiCompatInitializer"
170-->[androidx.emoji2:emoji2:1.2.0] AndroidManifest.xml:30:17-75
171                android:value="androidx.startup" />
171-->[androidx.emoji2:emoji2:1.2.0] AndroidManifest.xml:31:17-49
172            <meta-data
172-->[androidx.lifecycle:lifecycle-process:2.4.1] AndroidManifest.xml:31:13-33:52
173                android:name="androidx.lifecycle.ProcessLifecycleInitializer"
173-->[androidx.lifecycle:lifecycle-process:2.4.1] AndroidManifest.xml:32:17-78
174                android:value="androidx.startup" />
174-->[androidx.lifecycle:lifecycle-process:2.4.1] AndroidManifest.xml:33:17-49
175        </provider>
176
177        <meta-data
177-->[com.facebook.soloader:soloader:0.10.5] AndroidManifest.xml:12:9-14:37
178            android:name="com.facebook.soloader.enabled"
178-->[com.facebook.soloader:soloader:0.10.5] AndroidManifest.xml:13:13-57
179            android:value="false" />
179-->[com.facebook.soloader:soloader:0.10.5] AndroidManifest.xml:14:13-34
180    </application>
181
182</manifest>